# JRE version: OpenJDK Runtime Environment (17.0.11) (build 17.0.11+0--11852314)
# Java VM: OpenJDK 64-Bit Server VM (17.0.11+0--11852314, mixed mode, tiered, compressed oops, compressed class ptrs, g1 gc, windows-amd64)
GC Precious Log:
 CPUs: 4 total, 4 available
 Memory: 8072M
 Large Page Support: Disabled
 NUMA Support: Disabled
 Compressed Oops: Enabled (32-bit)
 Heap Region Size: 1M
 Heap Min Capacity: 8M
 Heap Initial Capacity: 128M
 Heap Max Capacity: 2020M
 Pre-touch: Disabled
 Parallel Workers: 4
 Concurrent Workers: 1
 Concurrent Refinement Workers: 4
 Periodic GC: Disabled
Heap:
 garbage-first heap   total 133120K, used 48535K [0x0000000081c00000, 0x0000000100000000)
  region size 1024K, 4 young (4096K), 4 survivors (4096K)
 Metaspace       used 56585K, committed 56832K, reserved 1114112K
  class space    used 6670K, committed 6784K, reserved 1048576K
GC Heap History (20 events):
Event: 4.214 GC heap after
{Heap after GC invocations=9 (full 0):
 garbage-first heap   total 58368K, used 20427K [0x0000000081c00000, 0x0000000100000000)
  region size 1024K, 3 young (3072K), 3 survivors (3072K)
 Metaspace       used 36060K, committed 36288K, reserved 1114112K
  class space    used 4561K, committed 4672K, reserved 1048576K
}
Event: 4.593 GC heap before
{Heap before GC invocations=10 (full 0):
 garbage-first heap   total 58368K, used 38859K [0x0000000081c00000, 0x0000000100000000)
  region size 1024K, 22 young (22528K), 3 survivors (3072K)
 Metaspace       used 40085K, committed 40384K, reserved 1114112K
  class space    used 4921K, committed 5056K, reserved 1048576K
}
Event: 4.600 GC heap after
{Heap after GC invocations=11 (full 0):
 garbage-first heap   total 58368K, used 22395K [0x0000000081c00000, 0x0000000100000000)
  region size 1024K, 3 young (3072K), 3 survivors (3072K)
 Metaspace       used 40085K, committed 40384K, reserved 1114112K
  class space    used 4921K, committed 5056K, reserved 1048576K
}
Event: 5.131 GC heap before
{Heap before GC invocations=12 (full 0):
 garbage-first heap   total 58368K, used 40827K [0x0000000081c00000, 0x0000000100000000)
  region size 1024K, 22 young (22528K), 3 survivors (3072K)
 Metaspace       used 44615K, committed 44864K, reserved 1114112K
  class space    used 5448K, committed 5568K, reserved 1048576K
}
Event: 5.141 GC heap after
{Heap after GC invocations=13 (full 0):
 garbage-first heap   total 58368K, used 24236K [0x0000000081c00000, 0x0000000100000000)
  region size 1024K, 2 young (2048K), 2 survivors (2048K)
 Metaspace       used 44615K, committed 44864K, reserved 1114112K
  class space    used 5448K, committed 5568K, reserved 1048576K
}
Event: 5.590 GC heap before
{Heap before GC invocations=13 (full 0):
 garbage-first heap   total 58368K, used 45740K [0x0000000081c00000, 0x0000000100000000)
  region size 1024K, 21 young (21504K), 2 survivors (2048K)
 Metaspace       used 47599K, committed 47808K, reserved 1114112K
  class space    used 5802K, committed 5888K, reserved 1048576K
}
Event: 5.600 GC heap after
{Heap after GC invocations=14 (full 0):
 garbage-first heap   total 58368K, used 29667K [0x0000000081c00000, 0x0000000100000000)
  region size 1024K, 3 young (3072K), 3 survivors (3072K)
 Metaspace       used 47599K, committed 47808K, reserved 1114112K
  class space    used 5802K, committed 5888K, reserved 1048576K
}
Event: 5.933 GC heap before
{Heap before GC invocations=14 (full 0):
 garbage-first heap   total 58368K, used 44003K [0x0000000081c00000, 0x0000000100000000)
  region size 1024K, 18 young (18432K), 3 survivors (3072K)
 Metaspace       used 50365K, committed 50624K, reserved 1114112K
  class space    used 6111K, committed 6208K, reserved 1048576K
}
Event: 5.943 GC heap after
{Heap after GC invocations=15 (full 0):
 garbage-first heap   total 58368K, used 32003K [0x0000000081c00000, 0x0000000100000000)
  region size 1024K, 3 young (3072K), 3 survivors (3072K)
 Metaspace       used 50365K, committed 50624K, reserved 1114112K
  class space    used 6111K, committed 6208K, reserved 1048576K
}
Event: 6.124 GC heap before
{Heap before GC invocations=16 (full 0):
 garbage-first heap   total 61440K, used 45315K [0x0000000081c00000, 0x0000000100000000)
  region size 1024K, 16 young (16384K), 3 survivors (3072K)
 Metaspace       used 50499K, committed 50752K, reserved 1114112K
  class space    used 6115K, committed 6208K, reserved 1048576K
}
Event: 6.133 GC heap after
{Heap after GC invocations=17 (full 0):
 garbage-first heap   total 61440K, used 34022K [0x0000000081c00000, 0x0000000100000000)
  region size 1024K, 2 young (2048K), 2 survivors (2048K)
 Metaspace       used 50499K, committed 50752K, reserved 1114112K
  class space    used 6115K, committed 6208K, reserved 1048576K
}
Event: 6.139 GC heap before
{Heap before GC invocations=17 (full 0):
 garbage-first heap   total 61440K, used 35046K [0x0000000081c00000, 0x0000000100000000)
  region size 1024K, 3 young (3072K), 2 survivors (2048K)
 Metaspace       used 50501K, committed 50752K, reserved 1114112K
  class space    used 6115K, committed 6208K, reserved 1048576K
}
Event: 6.144 GC heap after
{Heap after GC invocations=18 (full 0):
 garbage-first heap   total 87040K, used 33520K [0x0000000081c00000, 0x0000000100000000)
  region size 1024K, 1 young (1024K), 1 survivors (1024K)
 Metaspace       used 50501K, committed 50752K, reserved 1114112K
  class space    used 6115K, committed 6208K, reserved 1048576K
}
Event: 6.354 GC heap before
{Heap before GC invocations=18 (full 0):
 garbage-first heap   total 87040K, used 63216K [0x0000000081c00000, 0x0000000100000000)
  region size 1024K, 30 young (30720K), 1 survivors (1024K)
 Metaspace       used 50935K, committed 51200K, reserved 1114112K
  class space    used 6163K, committed 6272K, reserved 1048576K
}
Event: 6.359 GC heap after
{Heap after GC invocations=19 (full 0):
 garbage-first heap   total 87040K, used 34491K [0x0000000081c00000, 0x0000000100000000)
  region size 1024K, 2 young (2048K), 2 survivors (2048K)
 Metaspace       used 50935K, committed 51200K, reserved 1114112K
  class space    used 6163K, committed 6272K, reserved 1048576K
}
Event: 7.572 GC heap before
{Heap before GC invocations=19 (full 0):
 garbage-first heap   total 87040K, used 67259K [0x0000000081c00000, 0x0000000100000000)
  region size 1024K, 34 young (34816K), 2 survivors (2048K)
 Metaspace       used 53517K, committed 53760K, reserved 1114112K
  class space    used 6346K, committed 6464K, reserved 1048576K
}
Event: 7.589 GC heap after
{Heap after GC invocations=20 (full 0):
 garbage-first heap   total 87040K, used 40567K [0x0000000081c00000, 0x0000000100000000)
  region size 1024K, 5 young (5120K), 5 survivors (5120K)
 Metaspace       used 53517K, committed 53760K, reserved 1114112K
  class space    used 6346K, committed 6464K, reserved 1048576K
}
Event: 8.163 GC heap before
{Heap before GC invocations=20 (full 0):
 garbage-first heap   total 87040K, used 65143K [0x0000000081c00000, 0x0000000100000000)
  region size 1024K, 30 young (30720K), 5 survivors (5120K)
 Metaspace       used 54990K, committed 55232K, reserved 1114112K
  class space    used 6507K, committed 6592K, reserved 1048576K
}
Event: 8.184 GC heap after
{Heap after GC invocations=21 (full 0):
 garbage-first heap   total 87040K, used 44501K [0x0000000081c00000, 0x0000000100000000)
  region size 1024K, 4 young (4096K), 4 survivors (4096K)
 Metaspace       used 54990K, committed 55232K, reserved 1114112K
  class space    used 6507K, committed 6592K, reserved 1048576K
}
Event: 8.781 GC heap before
{Heap before GC invocations=21 (full 0):
 garbage-first heap   total 87040K, used 66005K [0x0000000081c00000, 0x0000000100000000)
  region size 1024K, 26 young (26624K), 4 survivors (4096K)
 Metaspace       used 56585K, committed 56832K, reserved 1114112K
  class space    used 6670K, committed 6784K, reserved 1048576K
}

