# JRE version: OpenJDK Runtime Environment (17.0.11) (build 17.0.11+0--11852314)
# Java VM: OpenJDK 64-Bit Server VM (17.0.11+0--11852314, mixed mode, tiered, compressed oops, compressed class ptrs, g1 gc, windows-amd64)
GC Precious Log:
 CPUs: 4 total, 4 available
 Memory: 8072M
 Large Page Support: Disabled
 NUMA Support: Disabled
 Compressed Oops: Enabled (32-bit)
 Heap Region Size: 1M
 Heap Min Capacity: 8M
 Heap Initial Capacity: 128M
 Heap Max Capacity: 2G
 Pre-touch: Disabled
 Parallel Workers: 4
 Concurrent Workers: 1
 Concurrent Refinement Workers: 4
 Periodic GC: Disabled
Heap:
 garbage-first heap   total 389120K, used 280510K [0x0000000080000000, 0x0000000100000000)
  region size 1024K, 166 young (169984K), 5 survivors (5120K)
 Metaspace       used 111568K, committed 112448K, reserved 1179648K
  class space    used 15267K, committed 15680K, reserved 1048576K
GC Heap History (20 events):
Event: 22.901 GC heap before
{Heap before GC invocations=41 (full 0):
 garbage-first heap   total 186368K, used 93738K [0x0000000080000000, 0x0000000100000000)
  region size 1024K, 9 young (9216K), 4 survivors (4096K)
 Metaspace       used 90563K, committed 91264K, reserved 1179648K
  class space    used 12459K, committed 12800K, reserved 1048576K
}
Event: 22.908 GC heap after
{Heap after GC invocations=42 (full 0):
 garbage-first heap   total 186368K, used 89322K [0x0000000080000000, 0x0000000100000000)
  region size 1024K, 1 young (1024K), 1 survivors (1024K)
 Metaspace       used 90563K, committed 91264K, reserved 1179648K
  class space    used 12459K, committed 12800K, reserved 1048576K
}
Event: 24.186 GC heap before
{Heap before GC invocations=42 (full 0):
 garbage-first heap   total 186368K, used 154858K [0x0000000080000000, 0x0000000100000000)
  region size 1024K, 64 young (65536K), 1 survivors (1024K)
 Metaspace       used 94976K, committed 95744K, reserved 1179648K
  class space    used 13090K, committed 13440K, reserved 1048576K
}
Event: 24.194 GC heap after
{Heap after GC invocations=43 (full 0):
 garbage-first heap   total 186368K, used 93649K [0x0000000080000000, 0x0000000100000000)
  region size 1024K, 4 young (4096K), 4 survivors (4096K)
 Metaspace       used 94976K, committed 95744K, reserved 1179648K
  class space    used 13090K, committed 13440K, reserved 1048576K
}
Event: 25.328 GC heap before
{Heap before GC invocations=43 (full 0):
 garbage-first heap   total 186368K, used 154065K [0x0000000080000000, 0x0000000100000000)
  region size 1024K, 63 young (64512K), 4 survivors (4096K)
 Metaspace       used 100204K, committed 100928K, reserved 1179648K
  class space    used 13847K, committed 14208K, reserved 1048576K
}
Event: 25.340 GC heap after
{Heap after GC invocations=44 (full 0):
 garbage-first heap   total 186368K, used 97028K [0x0000000080000000, 0x0000000100000000)
  region size 1024K, 8 young (8192K), 8 survivors (8192K)
 Metaspace       used 100204K, committed 100928K, reserved 1179648K
  class space    used 13847K, committed 14208K, reserved 1048576K
}
Event: 25.937 GC heap before
{Heap before GC invocations=44 (full 0):
 garbage-first heap   total 186368K, used 137988K [0x0000000080000000, 0x0000000100000000)
  region size 1024K, 50 young (51200K), 8 survivors (8192K)
 Metaspace       used 102833K, committed 103616K, reserved 1179648K
  class space    used 14141K, committed 14528K, reserved 1048576K
}
Event: 25.955 GC heap after
{Heap after GC invocations=45 (full 0):
 garbage-first heap   total 186368K, used 102694K [0x0000000080000000, 0x0000000100000000)
  region size 1024K, 8 young (8192K), 8 survivors (8192K)
 Metaspace       used 102833K, committed 103616K, reserved 1179648K
  class space    used 14141K, committed 14528K, reserved 1048576K
}
Event: 27.349 GC heap before
{Heap before GC invocations=46 (full 0):
 garbage-first heap   total 194560K, used 156966K [0x0000000080000000, 0x0000000100000000)
  region size 1024K, 57 young (58368K), 8 survivors (8192K)
 Metaspace       used 105744K, committed 106560K, reserved 1179648K
  class space    used 14517K, committed 14912K, reserved 1048576K
}
Event: 27.370 GC heap after
{Heap after GC invocations=47 (full 0):
 garbage-first heap   total 194560K, used 108991K [0x0000000080000000, 0x0000000100000000)
  region size 1024K, 7 young (7168K), 7 survivors (7168K)
 Metaspace       used 105744K, committed 106560K, reserved 1179648K
  class space    used 14517K, committed 14912K, reserved 1048576K
}
Event: 27.399 GC heap before
{Heap before GC invocations=47 (full 0):
 garbage-first heap   total 194560K, used 111039K [0x0000000080000000, 0x0000000100000000)
  region size 1024K, 9 young (9216K), 7 survivors (7168K)
 Metaspace       used 105746K, committed 106560K, reserved 1179648K
  class space    used 14517K, committed 14912K, reserved 1048576K
}
Event: 27.410 GC heap after
{Heap after GC invocations=48 (full 0):
 garbage-first heap   total 194560K, used 109171K [0x0000000080000000, 0x0000000100000000)
  region size 1024K, 2 young (2048K), 2 survivors (2048K)
 Metaspace       used 105746K, committed 106560K, reserved 1179648K
  class space    used 14517K, committed 14912K, reserved 1048576K
}
Event: 28.090 GC heap before
{Heap before GC invocations=48 (full 0):
 garbage-first heap   total 194560K, used 158323K [0x0000000080000000, 0x0000000100000000)
  region size 1024K, 50 young (51200K), 2 survivors (2048K)
 Metaspace       used 105940K, committed 106752K, reserved 1179648K
  class space    used 14518K, committed 14912K, reserved 1048576K
}
Event: 28.099 GC heap after
{Heap after GC invocations=49 (full 0):
 garbage-first heap   total 194560K, used 111213K [0x0000000080000000, 0x0000000100000000)
  region size 1024K, 4 young (4096K), 4 survivors (4096K)
 Metaspace       used 105940K, committed 106752K, reserved 1179648K
  class space    used 14518K, committed 14912K, reserved 1048576K
}
Event: 29.005 GC heap before
{Heap before GC invocations=49 (full 0):
 garbage-first heap   total 194560K, used 158317K [0x0000000080000000, 0x0000000100000000)
  region size 1024K, 51 young (52224K), 4 survivors (4096K)
 Metaspace       used 106230K, committed 107008K, reserved 1179648K
  class space    used 14546K, committed 14912K, reserved 1048576K
}
Event: 29.013 GC heap after
{Heap after GC invocations=50 (full 0):
 garbage-first heap   total 194560K, used 112934K [0x0000000080000000, 0x0000000100000000)
  region size 1024K, 5 young (5120K), 5 survivors (5120K)
 Metaspace       used 106230K, committed 107008K, reserved 1179648K
  class space    used 14546K, committed 14912K, reserved 1048576K
}
Event: 29.750 GC heap before
{Heap before GC invocations=50 (full 0):
 garbage-first heap   total 194560K, used 161062K [0x0000000080000000, 0x0000000100000000)
  region size 1024K, 52 young (53248K), 5 survivors (5120K)
 Metaspace       used 106504K, committed 107328K, reserved 1179648K
  class space    used 14575K, committed 14976K, reserved 1048576K
}
Event: 29.764 GC heap after
{Heap after GC invocations=51 (full 0):
 garbage-first heap   total 194560K, used 115296K [0x0000000080000000, 0x0000000100000000)
  region size 1024K, 5 young (5120K), 5 survivors (5120K)
 Metaspace       used 106504K, committed 107328K, reserved 1179648K
  class space    used 14575K, committed 14976K, reserved 1048576K
}
Event: 30.373 GC heap before
{Heap before GC invocations=51 (full 0):
 garbage-first heap   total 194560K, used 160352K [0x0000000080000000, 0x0000000100000000)
  region size 1024K, 50 young (51200K), 5 survivors (5120K)
 Metaspace       used 106684K, committed 107456K, reserved 1179648K
  class space    used 14601K, committed 14976K, reserved 1048576K
}
Event: 30.385 GC heap after
{Heap after GC invocations=52 (full 0):
 garbage-first heap   total 389120K, used 117694K [0x0000000080000000, 0x0000000100000000)
  region size 1024K, 5 young (5120K), 5 survivors (5120K)
 Metaspace       used 106684K, committed 107456K, reserved 1179648K
  class space    used 14601K, committed 14976K, reserved 1048576K
}

